<?xml version="1.0" encoding="UTF-8"?>
<testsuite name="me.shindonghwa.springbootdeveloper.config.jwt.TokenProviderTest" tests="5" skipped="0" failures="0" errors="0" timestamp="2024-07-19T05:56:54" hostname="DESKTOP-FTU9CMS" time="1.546">
  <properties/>
  <testcase name="validToken(): 유효한 토큰인 경우에 유효성 검증에 성공한다." classname="me.shindonghwa.springbootdeveloper.config.jwt.TokenProviderTest" time="1.304"/>
  <testcase name="validToken(): 만료된 토큰인 경우에 유효성 검증에 실패한다." classname="me.shindonghwa.springbootdeveloper.config.jwt.TokenProviderTest" time="0.011"/>
  <testcase name="getAuthentication(): 토큰 기반으로 인증정보를 가져올 수 있다." classname="me.shindonghwa.springbootdeveloper.config.jwt.TokenProviderTest" time="0.019"/>
  <testcase name="getUserId(): 토큰으로 유저 ID를 가져올 수 있다." classname="me.shindonghwa.springbootdeveloper.config.jwt.TokenProviderTest" time="0.017"/>
  <testcase name="generateToken(): 유저 정보와 만료 기간을 전달해 토큰을 만들 수 있다." classname="me.shindonghwa.springbootdeveloper.config.jwt.TokenProviderTest" time="0.184"/>
  <system-out><![CDATA[14:56:43.694 [Test worker] INFO org.springframework.test.context.support.AnnotationConfigContextLoaderUtils -- Could not detect default configuration classes for test class [me.shindonghwa.springbootdeveloper.config.jwt.TokenProviderTest]: TokenProviderTest does not declare any static, non-private, non-final, nested classes annotated with @Configuration.
14:56:44.009 [Test worker] INFO org.springframework.boot.test.context.SpringBootTestContextBootstrapper -- Found @SpringBootConfiguration me.shindonghwa.springbootdeveloper.SpringBootDeveloperApplication for test class me.shindonghwa.springbootdeveloper.config.jwt.TokenProviderTest

  .   ____          _            __ _ _
 /\\ / ___'_ __ _ _(_)_ __  __ _ \ \ \ \
( ( )\___ | '_ | '_| | '_ \/ _` | \ \ \ \
 \\/  ___)| |_)| | | | | || (_| |  ) ) ) )
  '  |____| .__|_| |_|_| |_\__, | / / / /
 =========|_|==============|___/=/_/_/_/
 :: Spring Boot ::                (v3.2.0)

2024-07-19T14:56:45.130+09:00  INFO 12912 --- [    Test worker] m.s.s.config.jwt.TokenProviderTest       : Starting TokenProviderTest using Java 17.0.11 with PID 12912 (started by PC in C:\Users\PC\Desktop\springboot-developer)
2024-07-19T14:56:45.133+09:00  INFO 12912 --- [    Test worker] m.s.s.config.jwt.TokenProviderTest       : No active profile set, falling back to 1 default profile: "default"
2024-07-19T14:56:46.851+09:00  INFO 12912 --- [    Test worker] .s.d.r.c.RepositoryConfigurationDelegate : Bootstrapping Spring Data JPA repositories in DEFAULT mode.
2024-07-19T14:56:47.003+09:00  INFO 12912 --- [    Test worker] .s.d.r.c.RepositoryConfigurationDelegate : Finished Spring Data repository scanning in 131 ms. Found 2 JPA repository interfaces.
2024-07-19T14:56:48.137+09:00  INFO 12912 --- [    Test worker] com.zaxxer.hikari.HikariDataSource       : HikariPool-1 - Starting...
2024-07-19T14:56:48.656+09:00  INFO 12912 --- [    Test worker] com.zaxxer.hikari.pool.HikariPool        : HikariPool-1 - Added connection conn0: url=jdbc:h2:mem:testdb user=SA
2024-07-19T14:56:48.666+09:00  INFO 12912 --- [    Test worker] com.zaxxer.hikari.HikariDataSource       : HikariPool-1 - Start completed.
2024-07-19T14:56:48.818+09:00  INFO 12912 --- [    Test worker] o.hibernate.jpa.internal.util.LogHelper  : HHH000204: Processing PersistenceUnitInfo [name: default]
2024-07-19T14:56:49.017+09:00  INFO 12912 --- [    Test worker] org.hibernate.Version                    : HHH000412: Hibernate ORM core version 6.3.1.Final
2024-07-19T14:56:49.139+09:00  INFO 12912 --- [    Test worker] o.h.c.internal.RegionFactoryInitiator    : HHH000026: Second-level cache disabled
2024-07-19T14:56:49.883+09:00  INFO 12912 --- [    Test worker] o.s.o.j.p.SpringPersistenceUnitInfo      : No LoadTimeWeaver setup: ignoring JPA class transformer
2024-07-19T14:56:52.076+09:00  INFO 12912 --- [    Test worker] o.h.e.t.j.p.i.JtaPlatformInitiator       : HHH000489: No JTA platform available (set 'hibernate.transaction.jta.platform' to enable JTA platform integration)
Hibernate: 
    drop table if exists article cascade 
Hibernate: 
    drop table if exists users cascade 
Hibernate: 
    create table article (
        created_at timestamp(6),
        id bigint generated by default as identity,
        updated_at timestamp(6),
        content varchar(255) not null,
        title varchar(255) not null,
        primary key (id)
    )
Hibernate: 
    create table users (
        id bigint generated by default as identity,
        email varchar(255) not null unique,
        password varchar(255),
        primary key (id)
    )
2024-07-19T14:56:52.184+09:00  INFO 12912 --- [    Test worker] j.LocalContainerEntityManagerFactoryBean : Initialized JPA EntityManagerFactory for persistence unit 'default'
2024-07-19T14:56:53.181+09:00  WARN 12912 --- [    Test worker] JpaBaseConfiguration$JpaWebConfiguration : spring.jpa.open-in-view is enabled by default. Therefore, database queries may be performed during view rendering. Explicitly configure spring.jpa.open-in-view to disable this warning
2024-07-19T14:56:54.111+09:00  INFO 12912 --- [    Test worker] o.s.s.web.DefaultSecurityFilterChain     : Will secure any request with [org.springframework.security.web.session.DisableEncodeUrlFilter@58dea0a7, org.springframework.security.web.context.request.async.WebAsyncManagerIntegrationFilter@195d4780, org.springframework.security.web.context.SecurityContextHolderFilter@45430a27, org.springframework.security.web.header.HeaderWriterFilter@3abb6aa, org.springframework.web.filter.CorsFilter@18c95fbb, org.springframework.security.web.authentication.logout.LogoutFilter@73476e2d, org.springframework.security.web.authentication.UsernamePasswordAuthenticationFilter@601ca994, org.springframework.security.web.savedrequest.RequestCacheAwareFilter@1500edf3, org.springframework.security.web.servletapi.SecurityContextHolderAwareRequestFilter@759c53e5, org.springframework.security.web.authentication.AnonymousAuthenticationFilter@36c5a4b7, org.springframework.security.web.access.ExceptionTranslationFilter@2f3565c0, org.springframework.security.web.access.intercept.FilterSecurityInterceptor@542c6165]
2024-07-19T14:56:54.122+09:00  WARN 12912 --- [    Test worker] o.s.s.c.a.web.builders.WebSecurity       : You are asking Spring Security to ignore org.springframework.boot.autoconfigure.security.servlet.PathRequest$H2ConsoleRequestMatcher@7a085d02. This is not recommended -- please use permitAll via HttpSecurity#authorizeHttpRequests instead.
2024-07-19T14:56:54.123+09:00  INFO 12912 --- [    Test worker] o.s.s.web.DefaultSecurityFilterChain     : Will not secure org.springframework.boot.autoconfigure.security.servlet.PathRequest$H2ConsoleRequestMatcher@7a085d02
2024-07-19T14:56:54.124+09:00  WARN 12912 --- [    Test worker] o.s.s.c.a.web.builders.WebSecurity       : You are asking Spring Security to ignore Ant [pattern='/static/**']. This is not recommended -- please use permitAll via HttpSecurity#authorizeHttpRequests instead.
2024-07-19T14:56:54.125+09:00  INFO 12912 --- [    Test worker] o.s.s.web.DefaultSecurityFilterChain     : Will not secure Ant [pattern='/static/**']
2024-07-19T14:56:54.766+09:00  INFO 12912 --- [    Test worker] o.s.b.a.h2.H2ConsoleAutoConfiguration    : H2 console available at '/h2-console'. Database available at 'jdbc:h2:mem:testdb'
2024-07-19T14:56:54.939+09:00  INFO 12912 --- [    Test worker] m.s.s.config.jwt.TokenProviderTest       : Started TokenProviderTest in 10.47 seconds (process running for 13.471)
Hibernate: 
    insert 
    into
        users
        (email, password, id) 
    values
        (?, ?, default)
]]></system-out>
  <system-err><![CDATA[]]></system-err>
</testsuite>
