<?xml version="1.0" encoding="UTF-8"?>
<testsuite name="me.shindonghwa.springbootdeveloper.config.jwt.TokenProviderTest" tests="5" skipped="0" failures="0" errors="0" timestamp="2024-07-25T08:38:15" hostname="DESKTOP-FTU9CMS" time="2.041">
  <properties/>
  <testcase name="validToken(): 유효한 토큰인 경우에 유효성 검증에 성공한다." classname="me.shindonghwa.springbootdeveloper.config.jwt.TokenProviderTest" time="1.8"/>
  <testcase name="validToken(): 만료된 토큰인 경우에 유효성 검증에 실패한다." classname="me.shindonghwa.springbootdeveloper.config.jwt.TokenProviderTest" time="0.009"/>
  <testcase name="getAuthentication(): 토큰 기반으로 인증정보를 가져올 수 있다." classname="me.shindonghwa.springbootdeveloper.config.jwt.TokenProviderTest" time="0.016"/>
  <testcase name="getUserId(): 토큰으로 유저 ID를 가져올 수 있다." classname="me.shindonghwa.springbootdeveloper.config.jwt.TokenProviderTest" time="0.014"/>
  <testcase name="generateToken(): 유저 정보와 만료 기간을 전달해 토큰을 만들 수 있다." classname="me.shindonghwa.springbootdeveloper.config.jwt.TokenProviderTest" time="0.192"/>
  <system-out><![CDATA[17:38:02.017 [Test worker] INFO org.springframework.test.context.support.AnnotationConfigContextLoaderUtils -- Could not detect default configuration classes for test class [me.shindonghwa.springbootdeveloper.config.jwt.TokenProviderTest]: TokenProviderTest does not declare any static, non-private, non-final, nested classes annotated with @Configuration.
17:38:02.380 [Test worker] INFO org.springframework.boot.test.context.SpringBootTestContextBootstrapper -- Found @SpringBootConfiguration me.shindonghwa.springbootdeveloper.SpringBootDeveloperApplication for test class me.shindonghwa.springbootdeveloper.config.jwt.TokenProviderTest

  .   ____          _            __ _ _
 /\\ / ___'_ __ _ _(_)_ __  __ _ \ \ \ \
( ( )\___ | '_ | '_| | '_ \/ _` | \ \ \ \
 \\/  ___)| |_)| | | | | || (_| |  ) ) ) )
  '  |____| .__|_| |_|_| |_\__, | / / / /
 =========|_|==============|___/=/_/_/_/
 :: Spring Boot ::                (v3.2.0)

2024-07-25T17:38:03.677+09:00  INFO 22400 --- [    Test worker] m.s.s.config.jwt.TokenProviderTest       : Starting TokenProviderTest using Java 17.0.11 with PID 22400 (started by PC in C:\Users\PC\Desktop\springboot-developer)
2024-07-25T17:38:03.682+09:00  INFO 22400 --- [    Test worker] m.s.s.config.jwt.TokenProviderTest       : No active profile set, falling back to 1 default profile: "default"
2024-07-25T17:38:06.082+09:00  INFO 22400 --- [    Test worker] .s.d.r.c.RepositoryConfigurationDelegate : Bootstrapping Spring Data JPA repositories in DEFAULT mode.
2024-07-25T17:38:06.249+09:00  INFO 22400 --- [    Test worker] .s.d.r.c.RepositoryConfigurationDelegate : Finished Spring Data repository scanning in 146 ms. Found 3 JPA repository interfaces.
2024-07-25T17:38:07.544+09:00  INFO 22400 --- [    Test worker] com.zaxxer.hikari.HikariDataSource       : HikariPool-1 - Starting...
2024-07-25T17:38:08.103+09:00  INFO 22400 --- [    Test worker] com.zaxxer.hikari.pool.HikariPool        : HikariPool-1 - Added connection conn0: url=jdbc:h2:mem:42fda40c-d8eb-41a8-b60c-209b969fd991 user=SA
2024-07-25T17:38:08.108+09:00  INFO 22400 --- [    Test worker] com.zaxxer.hikari.HikariDataSource       : HikariPool-1 - Start completed.
2024-07-25T17:38:08.238+09:00  INFO 22400 --- [    Test worker] o.hibernate.jpa.internal.util.LogHelper  : HHH000204: Processing PersistenceUnitInfo [name: default]
2024-07-25T17:38:08.427+09:00  INFO 22400 --- [    Test worker] org.hibernate.Version                    : HHH000412: Hibernate ORM core version 6.3.1.Final
2024-07-25T17:38:08.559+09:00  INFO 22400 --- [    Test worker] o.h.c.internal.RegionFactoryInitiator    : HHH000026: Second-level cache disabled
2024-07-25T17:38:09.330+09:00  INFO 22400 --- [    Test worker] o.s.o.j.p.SpringPersistenceUnitInfo      : No LoadTimeWeaver setup: ignoring JPA class transformer
2024-07-25T17:38:11.689+09:00  INFO 22400 --- [    Test worker] o.h.e.t.j.p.i.JtaPlatformInitiator       : HHH000489: No JTA platform available (set 'hibernate.transaction.jta.platform' to enable JTA platform integration)
Hibernate: 
    drop table if exists article cascade 
Hibernate: 
    drop table if exists refresh_token cascade 
Hibernate: 
    drop table if exists users cascade 
Hibernate: 
    create table article (
        created_at timestamp(6),
        id bigint generated by default as identity,
        updated_at timestamp(6),
        author varchar(255) not null,
        content varchar(255) not null,
        title varchar(255) not null,
        primary key (id)
    )
Hibernate: 
    create table refresh_token (
        id bigint generated by default as identity,
        user_id bigint not null unique,
        refresh_token varchar(255) not null,
        primary key (id)
    )
Hibernate: 
    create table users (
        id bigint generated by default as identity,
        email varchar(255) not null unique,
        nickname varchar(255) unique,
        password varchar(255),
        primary key (id)
    )
2024-07-25T17:38:11.819+09:00  INFO 22400 --- [    Test worker] j.LocalContainerEntityManagerFactoryBean : Initialized JPA EntityManagerFactory for persistence unit 'default'
2024-07-25T17:38:13.163+09:00  WARN 22400 --- [    Test worker] JpaBaseConfiguration$JpaWebConfiguration : spring.jpa.open-in-view is enabled by default. Therefore, database queries may be performed during view rendering. Explicitly configure spring.jpa.open-in-view to disable this warning
2024-07-25T17:38:14.525+09:00  INFO 22400 --- [    Test worker] o.s.s.web.DefaultSecurityFilterChain     : Will secure any request with [org.springframework.security.web.session.DisableEncodeUrlFilter@53850535, org.springframework.security.web.context.request.async.WebAsyncManagerIntegrationFilter@19565b5, org.springframework.security.web.context.SecurityContextHolderFilter@4cc4f6bd, org.springframework.security.web.header.HeaderWriterFilter@64096a41, org.springframework.web.filter.CorsFilter@2ac7c683, org.springframework.security.oauth2.client.web.OAuth2AuthorizationRequestRedirectFilter@52cda4bd, org.springframework.security.oauth2.client.web.OAuth2LoginAuthenticationFilter@51806858, me.shindonghwa.springbootdeveloper.config.TokenAuthenticationFilter@7be3a837, org.springframework.security.web.savedrequest.RequestCacheAwareFilter@77262e71, org.springframework.security.web.servletapi.SecurityContextHolderAwareRequestFilter@77902ed6, org.springframework.security.web.authentication.AnonymousAuthenticationFilter@407ff25f, org.springframework.security.web.session.SessionManagementFilter@2f6352a3, org.springframework.security.web.access.ExceptionTranslationFilter@1e205025, org.springframework.security.web.access.intercept.FilterSecurityInterceptor@78d49939]
2024-07-25T17:38:15.275+09:00  INFO 22400 --- [    Test worker] o.s.b.a.h2.H2ConsoleAutoConfiguration    : H2 console available at '/h2-console'. Database available at 'jdbc:h2:mem:42fda40c-d8eb-41a8-b60c-209b969fd991'
2024-07-25T17:38:15.398+09:00  WARN 22400 --- [    Test worker] o.s.s.c.a.web.builders.WebSecurity       : You are asking Spring Security to ignore org.springframework.boot.autoconfigure.security.servlet.PathRequest$H2ConsoleRequestMatcher@592fbd8. This is not recommended -- please use permitAll via HttpSecurity#authorizeHttpRequests instead.
2024-07-25T17:38:15.398+09:00  INFO 22400 --- [    Test worker] o.s.s.web.DefaultSecurityFilterChain     : Will not secure org.springframework.boot.autoconfigure.security.servlet.PathRequest$H2ConsoleRequestMatcher@592fbd8
2024-07-25T17:38:15.399+09:00  WARN 22400 --- [    Test worker] o.s.s.c.a.web.builders.WebSecurity       : You are asking Spring Security to ignore Ant [pattern='/img/**']. This is not recommended -- please use permitAll via HttpSecurity#authorizeHttpRequests instead.
2024-07-25T17:38:15.400+09:00  INFO 22400 --- [    Test worker] o.s.s.web.DefaultSecurityFilterChain     : Will not secure Ant [pattern='/img/**']
2024-07-25T17:38:15.400+09:00  WARN 22400 --- [    Test worker] o.s.s.c.a.web.builders.WebSecurity       : You are asking Spring Security to ignore Ant [pattern='/css/**']. This is not recommended -- please use permitAll via HttpSecurity#authorizeHttpRequests instead.
2024-07-25T17:38:15.401+09:00  INFO 22400 --- [    Test worker] o.s.s.web.DefaultSecurityFilterChain     : Will not secure Ant [pattern='/css/**']
2024-07-25T17:38:15.401+09:00  WARN 22400 --- [    Test worker] o.s.s.c.a.web.builders.WebSecurity       : You are asking Spring Security to ignore Ant [pattern='/js/**']. This is not recommended -- please use permitAll via HttpSecurity#authorizeHttpRequests instead.
2024-07-25T17:38:15.401+09:00  INFO 22400 --- [    Test worker] o.s.s.web.DefaultSecurityFilterChain     : Will not secure Ant [pattern='/js/**']
2024-07-25T17:38:15.557+09:00  INFO 22400 --- [    Test worker] m.s.s.config.jwt.TokenProviderTest       : Started TokenProviderTest in 12.668 seconds (process running for 17.189)
Hibernate: 
    insert 
    into
        users
        (email, nickname, password, id) 
    values
        (?, ?, ?, default)
]]></system-out>
  <system-err><![CDATA[]]></system-err>
</testsuite>
