<?xml version="1.0" encoding="UTF-8"?>
<testsuite name="me.shindonghwa.springbootdeveloper.config.jwt.TokenProviderTest" tests="5" skipped="0" failures="0" errors="0" timestamp="2024-07-24T01:18:06" hostname="DESKTOP-FTU9CMS" time="0.198">
  <properties/>
  <testcase name="validToken(): 유효한 토큰인 경우에 유효성 검증에 성공한다." classname="me.shindonghwa.springbootdeveloper.config.jwt.TokenProviderTest" time="0.132"/>
  <testcase name="validToken(): 만료된 토큰인 경우에 유효성 검증에 실패한다." classname="me.shindonghwa.springbootdeveloper.config.jwt.TokenProviderTest" time="0.011"/>
  <testcase name="getAuthentication(): 토큰 기반으로 인증정보를 가져올 수 있다." classname="me.shindonghwa.springbootdeveloper.config.jwt.TokenProviderTest" time="0.012"/>
  <testcase name="getUserId(): 토큰으로 유저 ID를 가져올 수 있다." classname="me.shindonghwa.springbootdeveloper.config.jwt.TokenProviderTest" time="0.016"/>
  <testcase name="generateToken(): 유저 정보와 만료 기간을 전달해 토큰을 만들 수 있다." classname="me.shindonghwa.springbootdeveloper.config.jwt.TokenProviderTest" time="0.017"/>
  <system-out><![CDATA[2024-07-24T10:18:04.752+09:00  INFO 17452 --- [    Test worker] t.c.s.AnnotationConfigContextLoaderUtils : Could not detect default configuration classes for test class [me.shindonghwa.springbootdeveloper.config.jwt.TokenProviderTest]: TokenProviderTest does not declare any static, non-private, non-final, nested classes annotated with @Configuration.
2024-07-24T10:18:04.806+09:00  INFO 17452 --- [    Test worker] .b.t.c.SpringBootTestContextBootstrapper : Found @SpringBootConfiguration me.shindonghwa.springbootdeveloper.SpringBootDeveloperApplication for test class me.shindonghwa.springbootdeveloper.config.jwt.TokenProviderTest

  .   ____          _            __ _ _
 /\\ / ___'_ __ _ _(_)_ __  __ _ \ \ \ \
( ( )\___ | '_ | '_| | '_ \/ _` | \ \ \ \
 \\/  ___)| |_)| | | | | || (_| |  ) ) ) )
  '  |____| .__|_| |_|_| |_\__, | / / / /
 =========|_|==============|___/=/_/_/_/
 :: Spring Boot ::                (v3.2.0)

2024-07-24T10:18:04.929+09:00  INFO 17452 --- [    Test worker] m.s.s.config.jwt.TokenProviderTest       : Starting TokenProviderTest using Java 17.0.11 with PID 17452 (started by PC in C:\Users\PC\Desktop\springboot-developer)
2024-07-24T10:18:04.930+09:00  INFO 17452 --- [    Test worker] m.s.s.config.jwt.TokenProviderTest       : No active profile set, falling back to 1 default profile: "default"
2024-07-24T10:18:05.657+09:00  INFO 17452 --- [    Test worker] .s.d.r.c.RepositoryConfigurationDelegate : Bootstrapping Spring Data JPA repositories in DEFAULT mode.
2024-07-24T10:18:05.720+09:00  INFO 17452 --- [    Test worker] .s.d.r.c.RepositoryConfigurationDelegate : Finished Spring Data repository scanning in 62 ms. Found 3 JPA repository interfaces.
2024-07-24T10:18:05.964+09:00  INFO 17452 --- [    Test worker] com.zaxxer.hikari.HikariDataSource       : HikariPool-2 - Starting...
2024-07-24T10:18:05.967+09:00  INFO 17452 --- [    Test worker] com.zaxxer.hikari.pool.HikariPool        : HikariPool-2 - Added connection conn10: url=jdbc:h2:mem:testdb user=SA
2024-07-24T10:18:05.968+09:00  INFO 17452 --- [    Test worker] com.zaxxer.hikari.HikariDataSource       : HikariPool-2 - Start completed.
2024-07-24T10:18:05.972+09:00  INFO 17452 --- [    Test worker] o.hibernate.jpa.internal.util.LogHelper  : HHH000204: Processing PersistenceUnitInfo [name: default]
2024-07-24T10:18:05.994+09:00  INFO 17452 --- [    Test worker] o.h.c.internal.RegionFactoryInitiator    : HHH000026: Second-level cache disabled
2024-07-24T10:18:06.022+09:00  INFO 17452 --- [    Test worker] o.s.o.j.p.SpringPersistenceUnitInfo      : No LoadTimeWeaver setup: ignoring JPA class transformer
2024-07-24T10:18:06.168+09:00  INFO 17452 --- [    Test worker] o.h.e.t.j.p.i.JtaPlatformInitiator       : HHH000489: No JTA platform available (set 'hibernate.transaction.jta.platform' to enable JTA platform integration)
Hibernate: 
    drop table if exists article cascade 
Hibernate: 
    drop table if exists refresh_token cascade 
Hibernate: 
    drop table if exists users cascade 
Hibernate: 
    create table article (
        created_at timestamp(6),
        id bigint generated by default as identity,
        updated_at timestamp(6),
        author varchar(255) not null,
        content varchar(255) not null,
        title varchar(255) not null,
        primary key (id)
    )
Hibernate: 
    create table refresh_token (
        id bigint generated by default as identity,
        user_id bigint not null unique,
        refresh_token varchar(255) not null,
        primary key (id)
    )
Hibernate: 
    create table users (
        id bigint generated by default as identity,
        email varchar(255) not null unique,
        nickname varchar(255) unique,
        password varchar(255),
        primary key (id)
    )
2024-07-24T10:18:06.193+09:00  INFO 17452 --- [    Test worker] j.LocalContainerEntityManagerFactoryBean : Initialized JPA EntityManagerFactory for persistence unit 'default'
2024-07-24T10:18:06.443+09:00  WARN 17452 --- [    Test worker] JpaBaseConfiguration$JpaWebConfiguration : spring.jpa.open-in-view is enabled by default. Therefore, database queries may be performed during view rendering. Explicitly configure spring.jpa.open-in-view to disable this warning
2024-07-24T10:18:06.695+09:00  INFO 17452 --- [    Test worker] o.s.s.web.DefaultSecurityFilterChain     : Will secure any request with [org.springframework.security.web.session.DisableEncodeUrlFilter@1e3469df, org.springframework.security.web.context.request.async.WebAsyncManagerIntegrationFilter@79499fa, org.springframework.security.web.context.SecurityContextHolderFilter@3d4b3b94, org.springframework.security.web.header.HeaderWriterFilter@5b95a754, org.springframework.web.filter.CorsFilter@48531d5, org.springframework.security.oauth2.client.web.OAuth2AuthorizationRequestRedirectFilter@79ac02a9, org.springframework.security.oauth2.client.web.OAuth2LoginAuthenticationFilter@37669c4, me.shindonghwa.springbootdeveloper.config.TokenAuthenticationFilter@770093c5, org.springframework.security.web.savedrequest.RequestCacheAwareFilter@28b5cee, org.springframework.security.web.servletapi.SecurityContextHolderAwareRequestFilter@7452e4ec, org.springframework.security.web.authentication.AnonymousAuthenticationFilter@340d50c8, org.springframework.security.web.session.SessionManagementFilter@500341c4, org.springframework.security.web.access.ExceptionTranslationFilter@34817fcc, org.springframework.security.web.access.intercept.FilterSecurityInterceptor@2d260f2a]
2024-07-24T10:18:06.842+09:00  INFO 17452 --- [    Test worker] o.s.b.a.h2.H2ConsoleAutoConfiguration    : H2 console available at '/h2-console'. Database available at 'jdbc:h2:mem:testdb'
2024-07-24T10:18:06.882+09:00  WARN 17452 --- [    Test worker] o.s.s.c.a.web.builders.WebSecurity       : You are asking Spring Security to ignore org.springframework.boot.autoconfigure.security.servlet.PathRequest$H2ConsoleRequestMatcher@2b5854a7. This is not recommended -- please use permitAll via HttpSecurity#authorizeHttpRequests instead.
2024-07-24T10:18:06.882+09:00  INFO 17452 --- [    Test worker] o.s.s.web.DefaultSecurityFilterChain     : Will not secure org.springframework.boot.autoconfigure.security.servlet.PathRequest$H2ConsoleRequestMatcher@2b5854a7
2024-07-24T10:18:06.883+09:00  WARN 17452 --- [    Test worker] o.s.s.c.a.web.builders.WebSecurity       : You are asking Spring Security to ignore Ant [pattern='/img/**']. This is not recommended -- please use permitAll via HttpSecurity#authorizeHttpRequests instead.
2024-07-24T10:18:06.883+09:00  INFO 17452 --- [    Test worker] o.s.s.web.DefaultSecurityFilterChain     : Will not secure Ant [pattern='/img/**']
2024-07-24T10:18:06.883+09:00  WARN 17452 --- [    Test worker] o.s.s.c.a.web.builders.WebSecurity       : You are asking Spring Security to ignore Ant [pattern='/css/**']. This is not recommended -- please use permitAll via HttpSecurity#authorizeHttpRequests instead.
2024-07-24T10:18:06.884+09:00  INFO 17452 --- [    Test worker] o.s.s.web.DefaultSecurityFilterChain     : Will not secure Ant [pattern='/css/**']
2024-07-24T10:18:06.885+09:00  WARN 17452 --- [    Test worker] o.s.s.c.a.web.builders.WebSecurity       : You are asking Spring Security to ignore Ant [pattern='/js/**']. This is not recommended -- please use permitAll via HttpSecurity#authorizeHttpRequests instead.
2024-07-24T10:18:06.885+09:00  INFO 17452 --- [    Test worker] o.s.s.web.DefaultSecurityFilterChain     : Will not secure Ant [pattern='/js/**']
2024-07-24T10:18:06.935+09:00  INFO 17452 --- [    Test worker] m.s.s.config.jwt.TokenProviderTest       : Started TokenProviderTest in 2.118 seconds (process running for 20.289)
Hibernate: 
    insert 
    into
        users
        (email, nickname, password, id) 
    values
        (?, ?, ?, default)
]]></system-out>
  <system-err><![CDATA[]]></system-err>
</testsuite>
